<?xml version="1.0" encoding="UTF-8"?>
<!-- Generated by org.testng.reporters.JUnitReportReporter -->
<testsuite hostname="WSD023" name="com.uat.test.Concatenate" tests="1" failures="0" timestamp="24 Feb 2015 04:56:16 GMT" time="3.056" errors="0">
  <testcase name="test" time="3.056" classname="com.uat.test.Concatenate"/>
</testsuite> <!-- com.uat.test.Concatenate -->
